This file contains any messages produced by compilers while
running configure, to aid debugging if configure makes a mistake.

It was created by openocd configure 0.12.0+dev, which was
generated by GNU Autoconf 2.72.  Invocation command line was

  $ ./configure --enable-xds110

## --------- ##
## Platform. ##
## --------- ##

hostname = firmware-udon
uname -m = x86_64
uname -r = 6.12.39
uname -s = Linux
uname -v = #1-NixOS SMP PREEMPT_DYNAMIC Thu Jul 17 16:37:24 UTC 2025

/usr/bin/uname -p = unknown
/bin/uname -X     = unknown

/bin/arch              = unknown
/usr/bin/arch -k       = unknown
/usr/convex/getsysinfo = unknown
/usr/bin/hostinfo      = unknown
/bin/machine           = unknown
/usr/bin/oslevel       = unknown
/bin/universe          = unknown

PATH: /nix/store/1q9lw4r2mbap8rsr8cja46nap6wvrw2p-bash-interactive-5.2p37/bin/
PATH: /nix/store/2jc1jmzis19adawjwhl8qhdvh7vlbk0q-patchelf-0.15.0/bin/
PATH: /nix/store/0fsnicvfpf55nkza12cjnad0w84d6ba7-gcc-wrapper-14.2.1.20250322/bin/
PATH: /nix/store/9ds850ifd4jwcccpp3v14818kk74ldf2-gcc-14.2.1.20250322/bin/
PATH: /nix/store/303islqk386z1w2g1ngvxnkl4glfpgrs-glibc-2.40-66-bin/bin/
PATH: /nix/store/87fck6hm17chxjq7badb11mq036zbyv9-coreutils-9.7/bin/
PATH: /nix/store/hhfm5fkvb1alg1np5a69m2qlcjqhr062-binutils-wrapper-2.44/bin/
PATH: /nix/store/v63bxfiacw082c7ijshf60alvvrpfxsq-binutils-2.44/bin/
PATH: /nix/store/p7z72c2s722pbw31jmm3y0nwypksb5fj-gnumake-4.4.1/bin/
PATH: /nix/store/2crk9xnq5x9v7yf0r2nwkgj8qsmxr4ly-pkg-config-wrapper-0.29.2/bin/
PATH: /nix/store/cab2yvnph1hfym998vdq0q4nr9zfndrs-gnum4-1.4.19/bin/
PATH: /nix/store/6zj6ck5vpwhlw0kkmaq47pn63s29qm55-automake-1.16.5/bin/
PATH: /nix/store/rppb57q1ssi4pb9y60bs7h7bf3kf0h7p-autoconf-2.72/bin/
PATH: /nix/store/l2sgvfcyqc1bgnzpz86qw5pjq99j8vlw-libtool-2.5.4/bin/
PATH: /nix/store/rrnlyc5y7gd5b0f91a89vbw1flhnlm73-file-5.46/bin/
PATH: /nix/store/gdmqkpbkw5ch7r7bxg44ymkskixx32lz-jimtcl-0.82/bin/
PATH: /nix/store/805a5wv1cyah5awij184yfad1ksmbh9f-git-2.49.0/bin/
PATH: /nix/store/87fck6hm17chxjq7badb11mq036zbyv9-coreutils-9.7/bin/
PATH: /nix/store/7y59hzi3svdj1xjddjn2k7km96pifcyl-findutils-4.10.0/bin/
PATH: /nix/store/7h0sard22wnbz0jyz07w8y9y0fcs795r-diffutils-3.12/bin/
PATH: /nix/store/clbb2cvigynr235ab5zgi18dyavznlk2-gnused-4.9/bin/
PATH: /nix/store/gqmr3gixlddz3667ba1iyqck3c0dkpvd-gnugrep-3.11/bin/
PATH: /nix/store/fcyn0dqszgfysiasdmkv1jh3syncajay-gawk-5.3.2/bin/
PATH: /nix/store/wrxvqj822kz8746608lgns7h8mkpn79f-gnutar-1.35/bin/
PATH: /nix/store/afhkqb5a94zlwjxigsnwsfwkf38h21dk-gzip-1.14/bin/
PATH: /nix/store/1abbyfv3bpxalfjfgpmwg8jcy931bf76-bzip2-1.0.8-bin/bin/
PATH: /nix/store/kv10h4pidkmx8cjs2sw2pi9rlcnighbc-gnumake-4.4.1/bin/
PATH: /nix/store/xy4jjgw87sbgwylm5kn047d9gkbhsr9x-bash-5.2p37/bin/
PATH: /nix/store/x0kaspzb5jqvgp357bj27z6iq24ximfg-patch-2.7.6/bin/
PATH: /nix/store/98zamhd8d0jq3skqwz28dlgph94mrqir-xz-5.8.1-bin/bin/
PATH: /nix/store/imhzyxqr7swq08ip81az5kfa07r07kg0-file-5.46/bin/
PATH: /nix/store/vxl8pzgkkw8vdb4agzwm58imrfclmfrx-python3-3.12.11/bin/
PATH: /nix/store/g7i75czfbw9sy5f8v7rjbama6lr3ya3s-patchelf-0.15.0/bin/
PATH: /nix/store/afrca7kkf6z87v6vmpcxak8qji12y1y7-tree-2.2.1/bin/
PATH: /nix/store/w4knlx4cvi82gzfh097fvyyiz034dvy8-curl-8.14.1-dev/bin/
PATH: /nix/store/dhqi2fy2g4a2xp324q4bwvp8lbkk549r-brotli-1.1.0/bin/
PATH: /nix/store/a8m6p8ygk1x871xlvyxs2ld53wzgnyzf-krb5-1.21.3-dev/bin/
PATH: /nix/store/pkpsla02cnwk0c0951k7rcf4jalah314-krb5-1.21.3-lib/bin/
PATH: /nix/store/w0f8xky11vffkwpv1xvizmvsg7kmdfs3-krb5-1.21.3/bin/
PATH: /nix/store/0q1gjdckw2c2rfjkmznmral88aaz9gb2-nghttp2-1.65.0/bin/
PATH: /nix/store/103d7gzr266ihvv0rqxzj385br9yi7s9-libidn2-2.3.8-bin/bin/
PATH: /nix/store/5yz8z98k3azjmv4f2idgzaprnw5600gn-openssl-3.4.2-bin/bin/
PATH: /nix/store/548rz1yd3c0y1dx7aiz63x8lgll16ryn-libpsl-0.21.5/bin/
PATH: /nix/store/yds99wwxw9d7wbflyrk0q3qrimmn068s-zstd-1.5.7-bin/bin/
PATH: /nix/store/ahw6fr4wihcyq1rbx9ivi4qv6zmn10gg-zstd-1.5.7/bin/
PATH: /nix/store/vqapsnihn8flnsc1z7392b7m7f64g85n-curl-8.14.1-bin/bin/
PATH: /nix/store/bzbph4n544ycvb1g9g70q5n659ismd5m-screen-5.0.1/bin/
PATH: /nix/store/xc151v74rvjqjybyc7rgrsvz86yacfi3-usbutils-018/bin/
PATH: /nix/store/kcjk865wfj1n2y2bgk0absiv2c245p8s-graphviz-12.2.1/bin/
PATH: /nix/store/j21y7yhzw5kpq44xxxjkr4kipfdn7km7-parallel-20250322/bin/
PATH: /nix/store/md2z14bhvqk8nvylad6fiifcd19vhlqz-jq-1.7.1-bin/bin/
PATH: /nix/store/6knwdgjjalzrfa1n36xka5vma2a1wa3x-ripgrep-14.1.1/bin/
PATH: /nix/store/s0pv1byj75arx8wfmw659y11dy4a41hy-which-2.23/bin/
PATH: /nix/store/v2rxk9xkcxsas64wl7ds31al15cm2wqd-git-2.50.1/bin/
PATH: /nix/store/mpfygxy9ydhiwxbpbn0v8padx6zp9b2y-gh-2.72.0/bin/
PATH: /nix/store/8wpv1fhgd0hb541cnycgqyjlmy1s5h2k-python3-3.12.11-env/bin/
PATH: /nix/store/zsg8852i8wn06p2a9m71rcz3dpcq1mm4-nodejs-slim-24.9.0-dev/bin/
PATH: /nix/store/lgq27wv92jpmnbdmiq5rw2952b8nl8wc-nodejs-slim-24.9.0/bin/
PATH: /nix/store/pia38917zmilsf5xcyk8d4mvk6ngcfsx-gdb-16.2/bin/
PATH: /nix/store/hwjgsxgsbqvw26znfcmvz2lrckr8cg52-pre-commit-4.0.1/bin/
PATH: /nix/store/f6zd2d5czc9zs06jd7v5k2iw2l855ni0-python3.12-identify-2.6.10/bin/
PATH: /nix/store/45qkw5qpx8p9krj65mwicpa4l8535qa4-python3.12-pytest-8.3.5/bin/
PATH: /nix/store/zbd2ir0hpxhw46gjabwwsidp9fsq5z47-python3.12-nodeenv-1.9.1/bin/
PATH: /nix/store/x8wg2qrwlr0hx199cml6q068vgpzh70p-python3.12-virtualenv-20.30.0/bin/
PATH: /nix/store/k9fn09y4zbvaqmx2bmsq62yjcj08y1hc-nixfmt-1.1.0/bin/
PATH: /nix/store/5jgq4i8znh3vlld3lvpwf7di6i2d2m1v-mdformat-wrapped/bin/
PATH: /nix/store/j9v5wlqgpjip4f9h915r7xsf92x7fhd4-flatbuffers-25.2.10/bin/
PATH: /nix/store/gjm3xymxx32ljp2cxiaxdrkz46nnsiap-flatcc-0.6.1/bin/
PATH: /nix/store/kaj8d1zcn149m40s9h0xi0khakibiphz-gcc-wrapper-14.3.0/bin/
PATH: /nix/store/8adzgnxs3s0pbj22qhk9zjxi1fqmz3xv-gcc-14.3.0/bin/
PATH: /nix/store/p2ixvjsas4qw58dcwk01d22skwq4fyka-glibc-2.40-66-bin/bin/
PATH: /nix/store/rry6qingvsrqmc7ll7jgaqpybcbdgf5v-coreutils-9.7/bin/
PATH: /nix/store/87zpmcmwvn48z4lbrfba74b312h22s6c-binutils-wrapper-2.44/bin/
PATH: /nix/store/ap35np2bkwaba3rxs3qlxpma57n2awyb-binutils-2.44/bin/
PATH: /nix/store/cry9hmc8pxv06izcnrxkxfc8qy1zfgpf-clang-tools-19.1.7/bin/
PATH: /nix/store/qiiz76zgj59jsqkb7pd2w9mcy3jkygw1-lcov-2.3.1/bin/
PATH: /nix/store/fcw7fmd5w49nr7f55vl6axnpxrlx971q-llvm-19.1.7-dev/bin/
PATH: /nix/store/0cjxn9v10y6ywv9yfdb50dzr84xhpxhl-ncurses-6.5-dev/bin/
PATH: /nix/store/yw7vb4hamv9mqgbgf7598zvis7k2spyx-ncurses-6.5/bin/
PATH: /nix/store/i24idwad5sxm0j85wg52zmwyg4h03xv0-llvm-19.1.7/bin/
PATH: /nix/store/c7lbkn2r7h1a2zcca09r0irqdaw010qm-cppcheck-2.17.1/bin/
PATH: /nix/store/8q3b4fjyxiccj7i3mdl4263cra43q9hg-gcc-arm-embedded-14.2.rel1/bin/
PATH: /nix/store/lpwmrk6n5nm0f0spyz3633yasg6w8gaf-cmake-4.0.3/bin/
PATH: /nix/store/gpq4fpv4s308z9bg02gd0dnydiiy8l4b-gnumake-4.4.1/bin/
PATH: /nix/store/0gk4i8rv9vppwwbig525k1fkhkph6vwx-ninja-1.12.1/bin/
PATH: /nix/store/fzi682d0ry5j0jdj6qi98gjl05hdpiqx-ti-cgt-arm-clang-4.0.2.LTS/bin/
PATH: /nix/store/rcn4ibdnpvjv1ljsvpizzx4vh04vyzn8-openocd-0.12.0/bin/
PATH: /nix/store/r1q182frkib0nw00wy5cii7npda5d110-colmena-0.5.0-pre/bin/
PATH: /nix/store/jp478ixplry46l8xar1rwf31304jazb6-dnsmasq-2.91/bin/
PATH: /nix/store/im2yiiq2kjk564ki5f644z79c7945wj6-stm32Programmer-1.18.0/bin/
PATH: /nix/store/b2jvn9x86c6pkm42g3gzx7f6mcjkf92p-can-utils-2025.01/bin/
PATH: /nix/store/rry6qingvsrqmc7ll7jgaqpybcbdgf5v-coreutils-9.7/bin/
PATH: /nix/store/392hs9nhm6wfw4imjllbvb1wil1n39qx-findutils-4.10.0/bin/
PATH: /nix/store/xw0mf3shymq3k7zlncf09rm8917sdi4h-diffutils-3.12/bin/
PATH: /nix/store/4rpiqv9yr2pw5094v4wc33ijkqjpm9sa-gnused-4.9/bin/
PATH: /nix/store/l2wvwyg680h0v2la18hz3yiznxy2naqw-gnugrep-3.11/bin/
PATH: /nix/store/c1z5j28ndxljf1ihqzag57bwpfpzms0g-gawk-5.3.2/bin/
PATH: /nix/store/w60s4xh1pjg6dwbw7j0b4xzlpp88q5qg-gnutar-1.35/bin/
PATH: /nix/store/xd9m9jkvrs8pbxvmkzkwviql33rd090j-gzip-1.14/bin/
PATH: /nix/store/w1pxx760yidi7n9vbi5bhpii9xxl5vdj-bzip2-1.0.8-bin/bin/
PATH: /nix/store/xk0d14zpm0njxzdm182dd722aqhav2cc-gnumake-4.4.1/bin/
PATH: /nix/store/cfqbabpc7xwg8akbcchqbq3cai6qq2vs-bash-5.2p37/bin/
PATH: /nix/store/gj54zvf7vxll1mzzmqhqi1p4jiws3mfb-patch-2.7.6/bin/
PATH: /nix/store/22rpb6790f346c55iqi6s9drr5qgmyjf-xz-5.8.1-bin/bin/
PATH: /nix/store/xlmpcglsq8l09qh03rf0virz0331pjdc-file-5.45/bin/
PATH: /nix/store/vxl8pzgkkw8vdb4agzwm58imrfclmfrx-python3-3.12.11/bin/
PATH: /nix/store/g7i75czfbw9sy5f8v7rjbama6lr3ya3s-patchelf-0.15.0/bin/
PATH: /nix/store/afrca7kkf6z87v6vmpcxak8qji12y1y7-tree-2.2.1/bin/
PATH: /nix/store/w4knlx4cvi82gzfh097fvyyiz034dvy8-curl-8.14.1-dev/bin/
PATH: /nix/store/dhqi2fy2g4a2xp324q4bwvp8lbkk549r-brotli-1.1.0/bin/
PATH: /nix/store/a8m6p8ygk1x871xlvyxs2ld53wzgnyzf-krb5-1.21.3-dev/bin/
PATH: /nix/store/pkpsla02cnwk0c0951k7rcf4jalah314-krb5-1.21.3-lib/bin/
PATH: /nix/store/w0f8xky11vffkwpv1xvizmvsg7kmdfs3-krb5-1.21.3/bin/
PATH: /nix/store/0q1gjdckw2c2rfjkmznmral88aaz9gb2-nghttp2-1.65.0/bin/
PATH: /nix/store/103d7gzr266ihvv0rqxzj385br9yi7s9-libidn2-2.3.8-bin/bin/
PATH: /nix/store/5yz8z98k3azjmv4f2idgzaprnw5600gn-openssl-3.4.2-bin/bin/
PATH: /nix/store/548rz1yd3c0y1dx7aiz63x8lgll16ryn-libpsl-0.21.5/bin/
PATH: /nix/store/yds99wwxw9d7wbflyrk0q3qrimmn068s-zstd-1.5.7-bin/bin/
PATH: /nix/store/ahw6fr4wihcyq1rbx9ivi4qv6zmn10gg-zstd-1.5.7/bin/
PATH: /nix/store/vqapsnihn8flnsc1z7392b7m7f64g85n-curl-8.14.1-bin/bin/
PATH: /nix/store/bzbph4n544ycvb1g9g70q5n659ismd5m-screen-5.0.1/bin/
PATH: /nix/store/xc151v74rvjqjybyc7rgrsvz86yacfi3-usbutils-018/bin/
PATH: /nix/store/kcjk865wfj1n2y2bgk0absiv2c245p8s-graphviz-12.2.1/bin/
PATH: /nix/store/j21y7yhzw5kpq44xxxjkr4kipfdn7km7-parallel-20250322/bin/
PATH: /nix/store/md2z14bhvqk8nvylad6fiifcd19vhlqz-jq-1.7.1-bin/bin/
PATH: /nix/store/6knwdgjjalzrfa1n36xka5vma2a1wa3x-ripgrep-14.1.1/bin/
PATH: /nix/store/s0pv1byj75arx8wfmw659y11dy4a41hy-which-2.23/bin/
PATH: /nix/store/v2rxk9xkcxsas64wl7ds31al15cm2wqd-git-2.50.1/bin/
PATH: /nix/store/mpfygxy9ydhiwxbpbn0v8padx6zp9b2y-gh-2.72.0/bin/
PATH: /nix/store/8wpv1fhgd0hb541cnycgqyjlmy1s5h2k-python3-3.12.11-env/bin/
PATH: /nix/store/zsg8852i8wn06p2a9m71rcz3dpcq1mm4-nodejs-slim-24.9.0-dev/bin/
PATH: /nix/store/lgq27wv92jpmnbdmiq5rw2952b8nl8wc-nodejs-slim-24.9.0/bin/
PATH: /nix/store/pia38917zmilsf5xcyk8d4mvk6ngcfsx-gdb-16.2/bin/
PATH: /nix/store/hwjgsxgsbqvw26znfcmvz2lrckr8cg52-pre-commit-4.0.1/bin/
PATH: /nix/store/f6zd2d5czc9zs06jd7v5k2iw2l855ni0-python3.12-identify-2.6.10/bin/
PATH: /nix/store/45qkw5qpx8p9krj65mwicpa4l8535qa4-python3.12-pytest-8.3.5/bin/
PATH: /nix/store/zbd2ir0hpxhw46gjabwwsidp9fsq5z47-python3.12-nodeenv-1.9.1/bin/
PATH: /nix/store/x8wg2qrwlr0hx199cml6q068vgpzh70p-python3.12-virtualenv-20.30.0/bin/
PATH: /nix/store/k9fn09y4zbvaqmx2bmsq62yjcj08y1hc-nixfmt-1.1.0/bin/
PATH: /nix/store/5jgq4i8znh3vlld3lvpwf7di6i2d2m1v-mdformat-wrapped/bin/
PATH: /nix/store/j9v5wlqgpjip4f9h915r7xsf92x7fhd4-flatbuffers-25.2.10/bin/
PATH: /nix/store/gjm3xymxx32ljp2cxiaxdrkz46nnsiap-flatcc-0.6.1/bin/
PATH: /nix/store/kaj8d1zcn149m40s9h0xi0khakibiphz-gcc-wrapper-14.3.0/bin/
PATH: /nix/store/8adzgnxs3s0pbj22qhk9zjxi1fqmz3xv-gcc-14.3.0/bin/
PATH: /nix/store/p2ixvjsas4qw58dcwk01d22skwq4fyka-glibc-2.40-66-bin/bin/
PATH: /nix/store/rry6qingvsrqmc7ll7jgaqpybcbdgf5v-coreutils-9.7/bin/
PATH: /nix/store/87zpmcmwvn48z4lbrfba74b312h22s6c-binutils-wrapper-2.44/bin/
PATH: /nix/store/ap35np2bkwaba3rxs3qlxpma57n2awyb-binutils-2.44/bin/
PATH: /nix/store/cry9hmc8pxv06izcnrxkxfc8qy1zfgpf-clang-tools-19.1.7/bin/
PATH: /nix/store/qiiz76zgj59jsqkb7pd2w9mcy3jkygw1-lcov-2.3.1/bin/
PATH: /nix/store/fcw7fmd5w49nr7f55vl6axnpxrlx971q-llvm-19.1.7-dev/bin/
PATH: /nix/store/0cjxn9v10y6ywv9yfdb50dzr84xhpxhl-ncurses-6.5-dev/bin/
PATH: /nix/store/yw7vb4hamv9mqgbgf7598zvis7k2spyx-ncurses-6.5/bin/
PATH: /nix/store/i24idwad5sxm0j85wg52zmwyg4h03xv0-llvm-19.1.7/bin/
PATH: /nix/store/c7lbkn2r7h1a2zcca09r0irqdaw010qm-cppcheck-2.17.1/bin/
PATH: /nix/store/8q3b4fjyxiccj7i3mdl4263cra43q9hg-gcc-arm-embedded-14.2.rel1/bin/
PATH: /nix/store/lpwmrk6n5nm0f0spyz3633yasg6w8gaf-cmake-4.0.3/bin/
PATH: /nix/store/gpq4fpv4s308z9bg02gd0dnydiiy8l4b-gnumake-4.4.1/bin/
PATH: /nix/store/0gk4i8rv9vppwwbig525k1fkhkph6vwx-ninja-1.12.1/bin/
PATH: /nix/store/fzi682d0ry5j0jdj6qi98gjl05hdpiqx-ti-cgt-arm-clang-4.0.2.LTS/bin/
PATH: /nix/store/rcn4ibdnpvjv1ljsvpizzx4vh04vyzn8-openocd-0.12.0/bin/
PATH: /nix/store/r1q182frkib0nw00wy5cii7npda5d110-colmena-0.5.0-pre/bin/
PATH: /nix/store/jp478ixplry46l8xar1rwf31304jazb6-dnsmasq-2.91/bin/
PATH: /nix/store/im2yiiq2kjk564ki5f644z79c7945wj6-stm32Programmer-1.18.0/bin/
PATH: /nix/store/b2jvn9x86c6pkm42g3gzx7f6mcjkf92p-can-utils-2025.01/bin/
PATH: /nix/store/rry6qingvsrqmc7ll7jgaqpybcbdgf5v-coreutils-9.7/bin/
PATH: /nix/store/392hs9nhm6wfw4imjllbvb1wil1n39qx-findutils-4.10.0/bin/
PATH: /nix/store/xw0mf3shymq3k7zlncf09rm8917sdi4h-diffutils-3.12/bin/
PATH: /nix/store/4rpiqv9yr2pw5094v4wc33ijkqjpm9sa-gnused-4.9/bin/
PATH: /nix/store/l2wvwyg680h0v2la18hz3yiznxy2naqw-gnugrep-3.11/bin/
PATH: /nix/store/c1z5j28ndxljf1ihqzag57bwpfpzms0g-gawk-5.3.2/bin/
PATH: /nix/store/w60s4xh1pjg6dwbw7j0b4xzlpp88q5qg-gnutar-1.35/bin/
PATH: /nix/store/xd9m9jkvrs8pbxvmkzkwviql33rd090j-gzip-1.14/bin/
PATH: /nix/store/w1pxx760yidi7n9vbi5bhpii9xxl5vdj-bzip2-1.0.8-bin/bin/
PATH: /nix/store/xk0d14zpm0njxzdm182dd722aqhav2cc-gnumake-4.4.1/bin/
PATH: /nix/store/cfqbabpc7xwg8akbcchqbq3cai6qq2vs-bash-5.2p37/bin/
PATH: /nix/store/gj54zvf7vxll1mzzmqhqi1p4jiws3mfb-patch-2.7.6/bin/
PATH: /nix/store/22rpb6790f346c55iqi6s9drr5qgmyjf-xz-5.8.1-bin/bin/
PATH: /nix/store/xlmpcglsq8l09qh03rf0virz0331pjdc-file-5.45/bin/
PATH: /home/jparker/.vscode-server/extensions/stmicroelectronics.stm32cube-ide-core-1.0.3/resources/binaries/linux/x86_64/
PATH: /home/jparker/.vscode-server/extensions/stmicroelectronics.stm32cube-ide-build-cmake-1.42.2/resources/cube-cmake/linux/
PATH: /home/jparker/.vscode-server/cli/servers/Stable-7d842fb85a0275a4a8e4d7e040d2625abbf7f084/server/bin/remote-cli/
PATH: /run/wrappers/bin/
PATH: /home/jparker/.nix-profile/bin/
PATH: /nix/profile/bin/
PATH: /home/jparker/.local/state/nix/profile/bin/
PATH: /etc/profiles/per-user/jparker/bin/
PATH: /nix/var/nix/profiles/default/bin/
PATH: /run/current-system/sw/bin/


## ----------- ##
## Core tests. ##
## ----------- ##

configure:2858: looking for aux files: config.guess config.sub ltmain.sh compile missing install-sh
configure:2871:  trying ./build-aux/
configure:2900:   ./build-aux/config.guess found
configure:2900:   ./build-aux/config.sub found
configure:2900:   ./build-aux/ltmain.sh found
configure:2900:   ./build-aux/compile found
configure:2900:   ./build-aux/missing found
configure:2882:   ./build-aux/install-sh found
configure:3020: checking for makeinfo
configure:3041: found /run/current-system/sw/bin/makeinfo
configure:3053: result: makeinfo
configure:3089: checking for a BSD-compatible install
configure:3163: result: /nix/store/87fck6hm17chxjq7badb11mq036zbyv9-coreutils-9.7/bin/install -c
configure:3174: checking whether build environment is sane
configure:3229: result: yes
configure:3390: checking for a race-free mkdir -p
configure:3433: result: /nix/store/87fck6hm17chxjq7badb11mq036zbyv9-coreutils-9.7/bin/mkdir -p
configure:3440: checking for gawk
configure:3461: found /nix/store/fcyn0dqszgfysiasdmkv1jh3syncajay-gawk-5.3.2/bin/gawk
configure:3473: result: gawk
configure:3484: checking whether make sets $(MAKE)
configure:3508: result: yes
configure:3538: checking whether make supports nested variables
configure:3557: result: yes
configure:3766: checking for gcc
configure:3799: result: gcc
configure:4158: checking for C compiler version
configure:4167: gcc --version >&5
gcc (GCC) 14.2.1 20250322
Copyright (C) 2024 Free Software Foundation, Inc.
This is free software; see the source for copying conditions.  There is NO
warranty; not even for MERCHANTABILITY or FITNESS FOR A PARTICULAR PURPOSE.

configure:4178: $? = 0
configure:4167: gcc -v >&5
Using built-in specs.
COLLECT_GCC=/nix/store/9ds850ifd4jwcccpp3v14818kk74ldf2-gcc-14.2.1.20250322/bin/gcc
COLLECT_LTO_WRAPPER=/nix/store/9ds850ifd4jwcccpp3v14818kk74ldf2-gcc-14.2.1.20250322/libexec/gcc/x86_64-unknown-linux-gnu/14.2.1/lto-wrapper
Target: x86_64-unknown-linux-gnu
Configured with: ../gcc-14-20250322/configure --prefix=/nix/store/eeeeeeeeeeeeeeeeeeeeeeeeeeeeeeee-gcc-14.2.1.20250322 --with-gmp-include=/nix/store/eeeeeeeeeeeeeeeeeeeeeeeeeeeeeeee-gmp-6.3.0-dev/include --with-gmp-lib=/nix/store/eeeeeeeeeeeeeeeeeeeeeeeeeeeeeeee-gmp-6.3.0/lib --with-mpfr-include=/nix/store/eeeeeeeeeeeeeeeeeeeeeeeeeeeeeeee-mpfr-4.2.2-dev/include --with-mpfr-lib=/nix/store/eeeeeeeeeeeeeeeeeeeeeeeeeeeeeeee-mpfr-4.2.2/lib --with-mpc=/nix/store/eeeeeeeeeeeeeeeeeeeeeeeeeeeeeeee-libmpc-1.3.1 --with-native-system-header-dir=/nix/store/eeeeeeeeeeeeeeeeeeeeeeeeeeeeeeee-glibc-2.40-66-dev/include --with-build-sysroot=/ --with-gxx-include-dir=/nix/store/eeeeeeeeeeeeeeeeeeeeeeeeeeeeeeee-gcc-14.2.1.20250322/include/c++/14.2.1.20250322/ --program-prefix= --enable-lto --disable-libstdcxx-pch --without-included-gettext --with-system-zlib --enable-static --enable-languages=c,c++ --disable-multilib --enable-plugin --disable-libcc1 --with-isl=/nix/store/eeeeeeeeeeeeeeeeeeeeeeeeeeeeeeee-isl-0.20 --disable-bootstrap --build=x86_64-unknown-linux-gnu --host=x86_64-unknown-linux-gnu --target=x86_64-unknown-linux-gnu
Thread model: posix
Supported LTO compression algorithms: zlib
gcc version 14.2.1 20250322 (GCC) 
configure:4178: $? = 0
configure:4167: gcc -V >&5
gcc: error: unrecognized command-line option '-V'
gcc: fatal error: no input files
compilation terminated.
configure:4178: $? = 1
configure:4167: gcc -qversion >&5
gcc: error: unrecognized command-line option '-qversion'; did you mean '--version'?
gcc: fatal error: no input files
compilation terminated.
configure:4178: $? = 1
configure:4167: gcc -version >&5
gcc: error: unrecognized command-line option '-version'
gcc: fatal error: no input files
compilation terminated.
configure:4178: $? = 1
configure:4198: checking whether the C compiler works
configure:4220: gcc    conftest.c  >&5
/nix/store/v63bxfiacw082c7ijshf60alvvrpfxsq-binutils-2.44/bin/ld: skipping incompatible /nix/store/fzi682d0ry5j0jdj6qi98gjl05hdpiqx-ti-cgt-arm-clang-4.0.2.LTS/lib/libc.a when searching for -lc
configure:4224: $? = 0
configure:4275: result: yes
configure:4279: checking for C compiler default output file name
configure:4281: result: a.out
configure:4287: checking for suffix of executables
configure:4294: gcc -o conftest    conftest.c  >&5
/nix/store/v63bxfiacw082c7ijshf60alvvrpfxsq-binutils-2.44/bin/ld: skipping incompatible /nix/store/fzi682d0ry5j0jdj6qi98gjl05hdpiqx-ti-cgt-arm-clang-4.0.2.LTS/lib/libc.a when searching for -lc
configure:4298: $? = 0
configure:4322: result: 
configure:4346: checking whether we are cross compiling
configure:4354: gcc -o conftest    conftest.c  >&5
/nix/store/v63bxfiacw082c7ijshf60alvvrpfxsq-binutils-2.44/bin/ld: skipping incompatible /nix/store/fzi682d0ry5j0jdj6qi98gjl05hdpiqx-ti-cgt-arm-clang-4.0.2.LTS/lib/libc.a when searching for -lc
configure:4358: $? = 0
configure:4365: ./conftest
configure:4369: $? = 0
configure:4384: result: no
configure:4390: checking for suffix of object files
configure:4413: gcc -c   conftest.c >&5
configure:4417: $? = 0
configure:4441: result: o
configure:4445: checking whether the compiler supports GNU C
configure:4465: gcc -c   conftest.c >&5
configure:4465: $? = 0
configure:4477: result: yes
configure:4488: checking whether gcc accepts -g
configure:4509: gcc -c -g  conftest.c >&5
configure:4509: $? = 0
configure:4556: result: yes
configure:4576: checking for gcc option to enable C11 features
configure:4591: gcc  -c -g -O2  conftest.c >&5
configure:4591: $? = 0
configure:4610: result: none needed
configure:4734: checking whether gcc understands -c and -o together
configure:4757: gcc -c conftest.c -o conftest2.o
configure:4760: $? = 0
configure:4757: gcc -c conftest.c -o conftest2.o
configure:4760: $? = 0
configure:4773: result: yes
configure:4793: checking whether make supports the include directive
configure:4808: make -f confmf.GNU && cat confinc.out
this is the am__doit target
configure:4811: $? = 0
configure:4830: result: yes (GNU style)
configure:4856: checking dependency style of gcc
configure:4969: result: gcc3
configure:5036: checking for ranlib
configure:5069: result: ranlib
configure:5155: checking for pkg-config
configure:5178: found /nix/store/2crk9xnq5x9v7yf0r2nwkgj8qsmxr4ly-pkg-config-wrapper-0.29.2/bin/pkg-config
configure:5191: result: /nix/store/2crk9xnq5x9v7yf0r2nwkgj8qsmxr4ly-pkg-config-wrapper-0.29.2/bin/pkg-config
configure:5216: checking pkg-config is at least version 0.23
configure:5219: result: yes
configure:5296: checking build system type
configure:5312: result: x86_64-pc-linux-gnu
configure:5332: checking host system type
configure:5347: result: x86_64-pc-linux-gnu
configure:5388: checking how to print strings
configure:5415: result: printf
configure:5436: checking for a sed that does not truncate output
configure:5508: result: /nix/store/clbb2cvigynr235ab5zgi18dyavznlk2-gnused-4.9/bin/sed
configure:5526: checking for grep that handles long lines and -e
configure:5592: result: /nix/store/gqmr3gixlddz3667ba1iyqck3c0dkpvd-gnugrep-3.11/bin/grep
configure:5597: checking for egrep
configure:5667: result: /nix/store/gqmr3gixlddz3667ba1iyqck3c0dkpvd-gnugrep-3.11/bin/grep -E
configure:5674: checking for fgrep
configure:5744: result: /nix/store/gqmr3gixlddz3667ba1iyqck3c0dkpvd-gnugrep-3.11/bin/grep -F
configure:5781: checking for ld used by gcc
configure:5850: result: ld
configure:5857: checking if the linker (ld) is GNU ld
configure:5874: result: yes
configure:5886: checking for BSD- or MS-compatible name lister (nm)
configure:5942: result: nm
configure:6084: checking the name lister (nm) interface
configure:6092: gcc -c -g -O2  conftest.c >&5
configure:6095: nm "conftest.o"
configure:6098: output
0000000000000000 B some_variable
configure:6106: result: BSD nm
configure:6109: checking whether ln -s works
configure:6113: result: yes
configure:6121: checking the maximum length of command line arguments
configure:6254: result: 1572864
configure:6302: checking how to convert x86_64-pc-linux-gnu file names to x86_64-pc-linux-gnu format
configure:6344: result: func_convert_file_noop
configure:6351: checking how to convert x86_64-pc-linux-gnu file names to toolchain format
configure:6373: result: func_convert_file_noop
configure:6380: checking for ld option to reload object files
configure:6389: result: -r
configure:6422: checking for file
configure:6443: found /nix/store/rrnlyc5y7gd5b0f91a89vbw1flhnlm73-file-5.46/bin/file
configure:6456: result: file
configure:6519: checking for objdump
configure:6552: result: objdump
configure:6584: checking how to recognize dependent libraries
configure:6793: result: pass_all
configure:6884: checking for dlltool
configure:6920: result: no
configure:6950: checking how to associate runtime and link libraries
configure:6979: result: printf %s\n
configure:7132: checking for archiver @FILE support
configure:7150: gcc -c -g -O2  conftest.c >&5
configure:7150: $? = 0
configure:7154: ar cr libconftest.a @conftest.lst >&5
configure:7157: $? = 0
configure:7162: ar cr libconftest.a @conftest.lst >&5
ar: conftest.o: No such file or directory
configure:7165: $? = 1
configure:7178: result: @
configure:7242: checking for strip
configure:7275: result: strip
configure:7378: checking command to parse nm output from gcc object
configure:7532: gcc -c -g -O2  conftest.c >&5
configure:7535: $? = 0
configure:7539: nm conftest.o | /nix/store/clbb2cvigynr235ab5zgi18dyavznlk2-gnused-4.9/bin/sed -n -e 's/^.*[	 ]\([ABCDGIRSTW][ABCDGIRSTW]*\)[	 ][	 ]*\([_A-Za-z][_A-Za-z0-9]*\)$/\1 \2 \2/p' | /nix/store/clbb2cvigynr235ab5zgi18dyavznlk2-gnused-4.9/bin/sed '/ __gnu_lto/d' > conftest.nm
configure:7605: gcc -o conftest -g -O2   conftest.c conftstm.o >&5
/nix/store/v63bxfiacw082c7ijshf60alvvrpfxsq-binutils-2.44/bin/ld: skipping incompatible /nix/store/fzi682d0ry5j0jdj6qi98gjl05hdpiqx-ti-cgt-arm-clang-4.0.2.LTS/lib/libc.a when searching for -lc
configure:7608: $? = 0
configure:7647: result: ok
configure:7694: checking for sysroot
configure:7728: result: no
configure:7735: checking for a working dd
configure:7780: result: /nix/store/87fck6hm17chxjq7badb11mq036zbyv9-coreutils-9.7/bin/dd
configure:7784: checking how to truncate binary pipes
configure:7801: result: /nix/store/87fck6hm17chxjq7badb11mq036zbyv9-coreutils-9.7/bin/dd bs=4096 count=1
configure:7938: gcc -c -g -O2  conftest.c >&5
configure:7941: $? = 0
configure:8141: checking for mt
configure:8177: result: no
configure:8197: checking if : is a manifest tool
configure:8204: : '-?'
configure:8213: result: no
configure:9010: checking for stdio.h
configure:9010: gcc -c -g -O2  conftest.c >&5
configure:9010: $? = 0
configure:9010: result: yes
configure:9010: checking for stdlib.h
configure:9010: gcc -c -g -O2  conftest.c >&5
configure:9010: $? = 0
configure:9010: result: yes
configure:9010: checking for string.h
configure:9010: gcc -c -g -O2  conftest.c >&5
configure:9010: $? = 0
configure:9010: result: yes
configure:9010: checking for inttypes.h
configure:9010: gcc -c -g -O2  conftest.c >&5
configure:9010: $? = 0
configure:9010: result: yes
configure:9010: checking for stdint.h
configure:9010: gcc -c -g -O2  conftest.c >&5
configure:9010: $? = 0
configure:9010: result: yes
configure:9010: checking for strings.h
configure:9010: gcc -c -g -O2  conftest.c >&5
configure:9010: $? = 0
configure:9010: result: yes
configure:9010: checking for sys/stat.h
configure:9010: gcc -c -g -O2  conftest.c >&5
configure:9010: $? = 0
configure:9010: result: yes
configure:9010: checking for sys/types.h
configure:9010: gcc -c -g -O2  conftest.c >&5
configure:9010: $? = 0
configure:9010: result: yes
configure:9010: checking for unistd.h
configure:9010: gcc -c -g -O2  conftest.c >&5
configure:9010: $? = 0
configure:9010: result: yes
configure:9035: checking for dlfcn.h
configure:9035: gcc -c -g -O2  conftest.c >&5
configure:9035: $? = 0
configure:9035: result: yes
configure:9306: checking for objdir
configure:9323: result: .libs
configure:9585: checking if gcc supports -fno-rtti -fno-exceptions
configure:9604: gcc -c -g -O2  -fno-rtti -fno-exceptions conftest.c >&5
cc1: warning: command-line option '-fno-rtti' is valid for C++/D/ObjC++ but not for C
configure:9608: $? = 0
configure:9622: result: no
configure:9995: checking for gcc option to produce PIC
configure:10004: result: -fPIC -DPIC
configure:10012: checking if gcc PIC flag -fPIC -DPIC works
configure:10031: gcc -c -g -O2  -fPIC -DPIC -DPIC conftest.c >&5
configure:10035: $? = 0
configure:10049: result: yes
configure:10078: checking if gcc static flag -static works
configure:10108: result: no
configure:10123: checking if gcc supports -c -o file.o
configure:10145: gcc -c -g -O2  -o out/conftest2.o conftest.c >&5
configure:10149: $? = 0
configure:10172: result: yes
configure:10180: checking if gcc supports -c -o file.o
configure:10229: result: yes
configure:10262: checking whether the gcc linker (ld -m elf_x86_64) supports shared libraries
configure:11546: result: yes
configure:11788: checking dynamic linker characteristics
configure:12407: gcc -o conftest -g -O2   -Wl,-rpath -Wl,/foo conftest.c  >&5
/nix/store/v63bxfiacw082c7ijshf60alvvrpfxsq-binutils-2.44/bin/ld: skipping incompatible /nix/store/fzi682d0ry5j0jdj6qi98gjl05hdpiqx-ti-cgt-arm-clang-4.0.2.LTS/lib/libc.a when searching for -lc
configure:12407: $? = 0
configure:13172: result: GNU/Linux ld.so
configure:13294: checking how to hardcode library paths into programs
configure:13319: result: immediate
configure:13919: checking whether stripping libraries is possible
configure:13928: result: yes
configure:13970: checking if libtool supports shared libraries
configure:13972: result: yes
configure:13975: checking whether to build shared libraries
configure:14000: result: no
configure:14003: checking whether to build static libraries
configure:14007: result: yes
configure:14046: checking for an ANSI C-conforming const
configure:14113: gcc -c -g -O2  conftest.c >&5
configure:14113: $? = 0
configure:14123: result: yes
configure:14132: checking for unsigned long long int
configure:14174: gcc -o conftest -g -O2   conftest.c  >&5
/nix/store/v63bxfiacw082c7ijshf60alvvrpfxsq-binutils-2.44/bin/ld: skipping incompatible /nix/store/fzi682d0ry5j0jdj6qi98gjl05hdpiqx-ti-cgt-arm-clang-4.0.2.LTS/lib/libc.a when searching for -lc
configure:14174: $? = 0
configure:14186: result: yes
configure:14196: checking for long long int
configure:14238: gcc -o conftest -g -O2   conftest.c  >&5
/nix/store/v63bxfiacw082c7ijshf60alvvrpfxsq-binutils-2.44/bin/ld: skipping incompatible /nix/store/fzi682d0ry5j0jdj6qi98gjl05hdpiqx-ti-cgt-arm-clang-4.0.2.LTS/lib/libc.a when searching for -lc
configure:14238: $? = 0
configure:14238: ./conftest
configure:14238: $? = 0
configure:14254: result: yes
configure:14263: checking for library containing ioperm
configure:14299: gcc -o conftest -g -O2   conftest.c  >&5
/nix/store/v63bxfiacw082c7ijshf60alvvrpfxsq-binutils-2.44/bin/ld: skipping incompatible /nix/store/fzi682d0ry5j0jdj6qi98gjl05hdpiqx-ti-cgt-arm-clang-4.0.2.LTS/lib/libc.a when searching for -lc
configure:14299: $? = 0
configure:14321: result: none required
configure:14330: checking for library containing dlopen
configure:14366: gcc -o conftest -g -O2   conftest.c  >&5
/nix/store/v63bxfiacw082c7ijshf60alvvrpfxsq-binutils-2.44/bin/ld: skipping incompatible /nix/store/fzi682d0ry5j0jdj6qi98gjl05hdpiqx-ti-cgt-arm-clang-4.0.2.LTS/lib/libc.a when searching for -lc
configure:14366: $? = 0
configure:14388: result: none required
configure:14397: checking for library containing openpty
configure:14433: gcc -o conftest -g -O2   conftest.c  >&5
/nix/store/v63bxfiacw082c7ijshf60alvvrpfxsq-binutils-2.44/bin/ld: skipping incompatible /nix/store/fzi682d0ry5j0jdj6qi98gjl05hdpiqx-ti-cgt-arm-clang-4.0.2.LTS/lib/libc.a when searching for -lc
configure:14433: $? = 0
configure:14455: result: none required
configure:14465: checking for sys/socket.h
configure:14465: gcc -c -g -O2  conftest.c >&5
configure:14465: $? = 0
configure:14465: result: yes
configure:14472: checking for elf.h
configure:14472: gcc -c -g -O2  conftest.c >&5
configure:14472: $? = 0
configure:14472: result: yes
configure:14484: checking how to run the C preprocessor
configure:14510: gcc -E  conftest.c
configure:14510: $? = 0
configure:14526: gcc -E  conftest.c
conftest.c:27:10: fatal error: ac_nonexistent.h: No such file or directory
   27 | #include <ac_nonexistent.h>
      |          ^~~~~~~~~~~~~~~~~~
compilation terminated.
configure:14526: $? = 1
configure: failed program was:
| /* confdefs.h */
| #define PACKAGE_NAME "openocd"
| #define PACKAGE_TARNAME "openocd"
| #define PACKAGE_VERSION "0.12.0+dev"
| #define PACKAGE_STRING "openocd 0.12.0+dev"
| #define PACKAGE_BUGREPORT "OpenOCD Mailing List <openocd-devel@lists.sourceforge.net>"
| #define PACKAGE_URL ""
| #define PACKAGE "openocd"
| #define VERSION "0.12.0+dev"
| #define HAVE_STDIO_H 1
| #define HAVE_STDLIB_H 1
| #define HAVE_STRING_H 1
| #define HAVE_INTTYPES_H 1
| #define HAVE_STDINT_H 1
| #define HAVE_STRINGS_H 1
| #define HAVE_SYS_STAT_H 1
| #define HAVE_SYS_TYPES_H 1
| #define HAVE_UNISTD_H 1
| #define STDC_HEADERS 1
| #define HAVE_DLFCN_H 1
| #define LT_OBJDIR ".libs/"
| #define HAVE_UNSIGNED_LONG_LONG_INT 1
| #define HAVE_LONG_LONG_INT 1
| #define HAVE_SYS_SOCKET_H 1
| #define HAVE_ELF_H 1
| /* end confdefs.h.  */
| #include <ac_nonexistent.h>
configure:14555: result: gcc -E
configure:14569: gcc -E  conftest.c
configure:14569: $? = 0
configure:14585: gcc -E  conftest.c
conftest.c:27:10: fatal error: ac_nonexistent.h: No such file or directory
   27 | #include <ac_nonexistent.h>
      |          ^~~~~~~~~~~~~~~~~~
compilation terminated.
configure:14585: $? = 1
configure: failed program was:
| /* confdefs.h */
| #define PACKAGE_NAME "openocd"
| #define PACKAGE_TARNAME "openocd"
| #define PACKAGE_VERSION "0.12.0+dev"
| #define PACKAGE_STRING "openocd 0.12.0+dev"
| #define PACKAGE_BUGREPORT "OpenOCD Mailing List <openocd-devel@lists.sourceforge.net>"
| #define PACKAGE_URL ""
| #define PACKAGE "openocd"
| #define VERSION "0.12.0+dev"
| #define HAVE_STDIO_H 1
| #define HAVE_STDLIB_H 1
| #define HAVE_STRING_H 1
| #define HAVE_INTTYPES_H 1
| #define HAVE_STDINT_H 1
| #define HAVE_STRINGS_H 1
| #define HAVE_SYS_STAT_H 1
| #define HAVE_SYS_TYPES_H 1
| #define HAVE_UNISTD_H 1
| #define STDC_HEADERS 1
| #define HAVE_DLFCN_H 1
| #define LT_OBJDIR ".libs/"
| #define HAVE_UNSIGNED_LONG_LONG_INT 1
| #define HAVE_LONG_LONG_INT 1
| #define HAVE_SYS_SOCKET_H 1
| #define HAVE_ELF_H 1
| /* end confdefs.h.  */
| #include <ac_nonexistent.h>
configure:14618: checking for egrep -e
configure:14748: result: /nix/store/gqmr3gixlddz3667ba1iyqck3c0dkpvd-gnugrep-3.11/bin/grep -E
configure:14768: checking for fcntl.h
configure:14768: gcc -c -g -O2  conftest.c >&5
configure:14768: $? = 0
configure:14768: result: yes
configure:14775: checking for malloc.h
configure:14775: gcc -c -g -O2  conftest.c >&5
configure:14775: $? = 0
configure:14775: result: yes
configure:14782: checking for netdb.h
configure:14782: gcc -c -g -O2  conftest.c >&5
configure:14782: $? = 0
configure:14782: result: yes
configure:14789: checking for poll.h
configure:14789: gcc -c -g -O2  conftest.c >&5
configure:14789: $? = 0
configure:14789: result: yes
configure:14796: checking for strings.h
configure:14796: result: yes
configure:14803: checking for sys/ioctl.h
configure:14803: gcc -c -g -O2  conftest.c >&5
configure:14803: $? = 0
configure:14803: result: yes
configure:14810: checking for sys/param.h
configure:14810: gcc -c -g -O2  conftest.c >&5
configure:14810: $? = 0
configure:14810: result: yes
configure:14817: checking for sys/select.h
configure:14817: gcc -c -g -O2  conftest.c >&5
configure:14817: $? = 0
configure:14817: result: yes
configure:14824: checking for sys/stat.h
configure:14824: result: yes
configure:14831: checking for sys/sysctl.h
configure:14831: gcc -c -g -O2  conftest.c >&5
conftest.c:65:10: fatal error: sys/sysctl.h: No such file or directory
   65 | #include <sys/sysctl.h>
      |          ^~~~~~~~~~~~~~
compilation terminated.
configure:14831: $? = 1
configure: failed program was:
| /* confdefs.h */
| #define PACKAGE_NAME "openocd"
| #define PACKAGE_TARNAME "openocd"
| #define PACKAGE_VERSION "0.12.0+dev"
| #define PACKAGE_STRING "openocd 0.12.0+dev"
| #define PACKAGE_BUGREPORT "OpenOCD Mailing List <openocd-devel@lists.sourceforge.net>"
| #define PACKAGE_URL ""
| #define PACKAGE "openocd"
| #define VERSION "0.12.0+dev"
| #define HAVE_STDIO_H 1
| #define HAVE_STDLIB_H 1
| #define HAVE_STRING_H 1
| #define HAVE_INTTYPES_H 1
| #define HAVE_STDINT_H 1
| #define HAVE_STRINGS_H 1
| #define HAVE_SYS_STAT_H 1
| #define HAVE_SYS_TYPES_H 1
| #define HAVE_UNISTD_H 1
| #define STDC_HEADERS 1
| #define HAVE_DLFCN_H 1
| #define LT_OBJDIR ".libs/"
| #define HAVE_UNSIGNED_LONG_LONG_INT 1
| #define HAVE_LONG_LONG_INT 1
| #define HAVE_SYS_SOCKET_H 1
| #define HAVE_ELF_H 1
| #define HAVE_ELF64 1
| #define HAVE_FCNTL_H 1
| #define HAVE_MALLOC_H 1
| #define HAVE_NETDB_H 1
| #define HAVE_POLL_H 1
| #define HAVE_STRINGS_H 1
| #define HAVE_SYS_IOCTL_H 1
| #define HAVE_SYS_PARAM_H 1
| #define HAVE_SYS_SELECT_H 1
| #define HAVE_SYS_STAT_H 1
| /* end confdefs.h.  */
| #include <stddef.h>
| #ifdef HAVE_STDIO_H
| # include <stdio.h>
| #endif
| #ifdef HAVE_STDLIB_H
| # include <stdlib.h>
| #endif
| #ifdef HAVE_STRING_H
| # include <string.h>
| #endif
| #ifdef HAVE_INTTYPES_H
| # include <inttypes.h>
| #endif
| #ifdef HAVE_STDINT_H
| # include <stdint.h>
| #endif
| #ifdef HAVE_STRINGS_H
| # include <strings.h>
| #endif
| #ifdef HAVE_SYS_TYPES_H
| # include <sys/types.h>
| #endif
| #ifdef HAVE_SYS_STAT_H
| # include <sys/stat.h>
| #endif
| #ifdef HAVE_UNISTD_H
| # include <unistd.h>
| #endif
| #include <sys/sysctl.h>
configure:14831: result: no
configure:14838: checking for sys/time.h
configure:14838: gcc -c -g -O2  conftest.c >&5
configure:14838: $? = 0
configure:14838: result: yes
configure:14845: checking for sys/types.h
configure:14845: result: yes
configure:14852: checking for unistd.h
configure:14852: result: yes
configure:14859: checking for arpa/inet.h
configure:14859: gcc -c -g -O2  conftest.c >&5
configure:14859: $? = 0
configure:14859: result: yes
configure:14878: checking for netinet/in.h
configure:14878: gcc -c -g -O2  conftest.c >&5
configure:14878: $? = 0
configure:14878: result: yes
configure:14897: checking for netinet/tcp.h
configure:14897: gcc -c -g -O2  conftest.c >&5
configure:14897: $? = 0
configure:14897: result: yes
configure:14919: checking whether to enable assertions
configure:14941: result: yes
configure:14944: checking for _Bool
configure:14944: gcc -c -g -O2  conftest.c >&5
configure:14944: $? = 0
configure:14944: gcc -c -g -O2  conftest.c >&5
conftest.c: In function 'main':
conftest.c:74:20: error: expected expression before ')' token
   74 | if (sizeof ((_Bool)))
      |                    ^
configure:14944: $? = 1
configure: failed program was:
| /* confdefs.h */
| #define PACKAGE_NAME "openocd"
| #define PACKAGE_TARNAME "openocd"
| #define PACKAGE_VERSION "0.12.0+dev"
| #define PACKAGE_STRING "openocd 0.12.0+dev"
| #define PACKAGE_BUGREPORT "OpenOCD Mailing List <openocd-devel@lists.sourceforge.net>"
| #define PACKAGE_URL ""
| #define PACKAGE "openocd"
| #define VERSION "0.12.0+dev"
| #define HAVE_STDIO_H 1
| #define HAVE_STDLIB_H 1
| #define HAVE_STRING_H 1
| #define HAVE_INTTYPES_H 1
| #define HAVE_STDINT_H 1
| #define HAVE_STRINGS_H 1
| #define HAVE_SYS_STAT_H 1
| #define HAVE_SYS_TYPES_H 1
| #define HAVE_UNISTD_H 1
| #define STDC_HEADERS 1
| #define HAVE_DLFCN_H 1
| #define LT_OBJDIR ".libs/"
| #define HAVE_UNSIGNED_LONG_LONG_INT 1
| #define HAVE_LONG_LONG_INT 1
| #define HAVE_SYS_SOCKET_H 1
| #define HAVE_ELF_H 1
| #define HAVE_ELF64 1
| #define HAVE_FCNTL_H 1
| #define HAVE_MALLOC_H 1
| #define HAVE_NETDB_H 1
| #define HAVE_POLL_H 1
| #define HAVE_STRINGS_H 1
| #define HAVE_SYS_IOCTL_H 1
| #define HAVE_SYS_PARAM_H 1
| #define HAVE_SYS_SELECT_H 1
| #define HAVE_SYS_STAT_H 1
| #define HAVE_SYS_TIME_H 1
| #define HAVE_SYS_TYPES_H 1
| #define HAVE_UNISTD_H 1
| #define HAVE_ARPA_INET_H 1
| #define HAVE_NETINET_IN_H 1
| #define HAVE_NETINET_TCP_H 1
| /* end confdefs.h.  */
| #include <stddef.h>
| #ifdef HAVE_STDIO_H
| # include <stdio.h>
| #endif
| #ifdef HAVE_STDLIB_H
| # include <stdlib.h>
| #endif
| #ifdef HAVE_STRING_H
| # include <string.h>
| #endif
| #ifdef HAVE_INTTYPES_H
| # include <inttypes.h>
| #endif
| #ifdef HAVE_STDINT_H
| # include <stdint.h>
| #endif
| #ifdef HAVE_STRINGS_H
| # include <strings.h>
| #endif
| #ifdef HAVE_SYS_TYPES_H
| # include <sys/types.h>
| #endif
| #ifdef HAVE_SYS_STAT_H
| # include <sys/stat.h>
| #endif
| #ifdef HAVE_UNISTD_H
| # include <unistd.h>
| #endif
| int
| main (void)
| {
| if (sizeof ((_Bool)))
| 	    return 0;
|   ;
|   return 0;
| }
configure:14944: result: yes
configure:14953: checking for stdbool.h that conforms to C99 or later
configure:15028: gcc -c -g -O2  conftest.c >&5
configure:15028: $? = 0
configure:15038: result: yes
configure:15048: checking whether byte ordering is bigendian
configure:15064: gcc -c -g -O2  conftest.c >&5
conftest.c:46:16: error: unknown type name 'not'
   46 |                not a universal capable compiler
      |                ^~~
conftest.c:46:22: error: expected '=', ',', ';', 'asm' or '__attribute__' before 'universal'
   46 |                not a universal capable compiler
      |                      ^~~~~~~~~
conftest.c:46:22: error: unknown type name 'universal'
configure:15064: $? = 1
configure: failed program was:
| /* confdefs.h */
| #define PACKAGE_NAME "openocd"
| #define PACKAGE_TARNAME "openocd"
| #define PACKAGE_VERSION "0.12.0+dev"
| #define PACKAGE_STRING "openocd 0.12.0+dev"
| #define PACKAGE_BUGREPORT "OpenOCD Mailing List <openocd-devel@lists.sourceforge.net>"
| #define PACKAGE_URL ""
| #define PACKAGE "openocd"
| #define VERSION "0.12.0+dev"
| #define HAVE_STDIO_H 1
| #define HAVE_STDLIB_H 1
| #define HAVE_STRING_H 1
| #define HAVE_INTTYPES_H 1
| #define HAVE_STDINT_H 1
| #define HAVE_STRINGS_H 1
| #define HAVE_SYS_STAT_H 1
| #define HAVE_SYS_TYPES_H 1
| #define HAVE_UNISTD_H 1
| #define STDC_HEADERS 1
| #define HAVE_DLFCN_H 1
| #define LT_OBJDIR ".libs/"
| #define HAVE_UNSIGNED_LONG_LONG_INT 1
| #define HAVE_LONG_LONG_INT 1
| #define HAVE_SYS_SOCKET_H 1
| #define HAVE_ELF_H 1
| #define HAVE_ELF64 1
| #define HAVE_FCNTL_H 1
| #define HAVE_MALLOC_H 1
| #define HAVE_NETDB_H 1
| #define HAVE_POLL_H 1
| #define HAVE_STRINGS_H 1
| #define HAVE_SYS_IOCTL_H 1
| #define HAVE_SYS_PARAM_H 1
| #define HAVE_SYS_SELECT_H 1
| #define HAVE_SYS_STAT_H 1
| #define HAVE_SYS_TIME_H 1
| #define HAVE_SYS_TYPES_H 1
| #define HAVE_UNISTD_H 1
| #define HAVE_ARPA_INET_H 1
| #define HAVE_NETINET_IN_H 1
| #define HAVE_NETINET_TCP_H 1
| #define HAVE__BOOL 1
| #define HAVE_STDBOOL_H 1
| /* end confdefs.h.  */
| #ifndef __APPLE_CC__
| 	       not a universal capable compiler
| 	     #endif
| 	     typedef int dummy;
| 
configure:15110: gcc -c -g -O2  conftest.c >&5
configure:15110: $? = 0
configure:15129: gcc -c -g -O2  conftest.c >&5
conftest.c: In function 'main':
conftest.c:52:18: error: unknown type name 'not'; did you mean 'ino_t'?
   52 |                  not big endian
      |                  ^~~
      |                  ino_t
conftest.c:52:26: error: expected '=', ',', ';', 'asm' or '__attribute__' before 'endian'
   52 |                  not big endian
      |                          ^~~~~~
configure:15129: $? = 1
configure: failed program was:
| /* confdefs.h */
| #define PACKAGE_NAME "openocd"
| #define PACKAGE_TARNAME "openocd"
| #define PACKAGE_VERSION "0.12.0+dev"
| #define PACKAGE_STRING "openocd 0.12.0+dev"
| #define PACKAGE_BUGREPORT "OpenOCD Mailing List <openocd-devel@lists.sourceforge.net>"
| #define PACKAGE_URL ""
| #define PACKAGE "openocd"
| #define VERSION "0.12.0+dev"
| #define HAVE_STDIO_H 1
| #define HAVE_STDLIB_H 1
| #define HAVE_STRING_H 1
| #define HAVE_INTTYPES_H 1
| #define HAVE_STDINT_H 1
| #define HAVE_STRINGS_H 1
| #define HAVE_SYS_STAT_H 1
| #define HAVE_SYS_TYPES_H 1
| #define HAVE_UNISTD_H 1
| #define STDC_HEADERS 1
| #define HAVE_DLFCN_H 1
| #define LT_OBJDIR ".libs/"
| #define HAVE_UNSIGNED_LONG_LONG_INT 1
| #define HAVE_LONG_LONG_INT 1
| #define HAVE_SYS_SOCKET_H 1
| #define HAVE_ELF_H 1
| #define HAVE_ELF64 1
| #define HAVE_FCNTL_H 1
| #define HAVE_MALLOC_H 1
| #define HAVE_NETDB_H 1
| #define HAVE_POLL_H 1
| #define HAVE_STRINGS_H 1
| #define HAVE_SYS_IOCTL_H 1
| #define HAVE_SYS_PARAM_H 1
| #define HAVE_SYS_SELECT_H 1
| #define HAVE_SYS_STAT_H 1
| #define HAVE_SYS_TIME_H 1
| #define HAVE_SYS_TYPES_H 1
| #define HAVE_UNISTD_H 1
| #define HAVE_ARPA_INET_H 1
| #define HAVE_NETINET_IN_H 1
| #define HAVE_NETINET_TCP_H 1
| #define HAVE__BOOL 1
| #define HAVE_STDBOOL_H 1
| /* end confdefs.h.  */
| #include <sys/types.h>
| 		#include <sys/param.h>
| 
| int
| main (void)
| {
| #if BYTE_ORDER != BIG_ENDIAN
| 		 not big endian
| 		#endif
| 
|   ;
|   return 0;
| }
configure:15270: result: no
configure:15289: checking for strndup
configure:15289: gcc -o conftest -g -O2   conftest.c  >&5
conftest.c:61:6: warning: conflicting types for built-in function 'strndup'; expected 'char *(const char *, long unsigned int)' [-Wbuiltin-declaration-mismatch]
   61 | char strndup (void);
      |      ^~~~~~~
/nix/store/v63bxfiacw082c7ijshf60alvvrpfxsq-binutils-2.44/bin/ld: skipping incompatible /nix/store/fzi682d0ry5j0jdj6qi98gjl05hdpiqx-ti-cgt-arm-clang-4.0.2.LTS/lib/libc.a when searching for -lc
configure:15289: $? = 0
configure:15289: result: yes
configure:15296: checking for strnlen
configure:15296: gcc -o conftest -g -O2   conftest.c  >&5
conftest.c:62:6: warning: conflicting types for built-in function 'strnlen'; expected 'long unsigned int(const char *, long unsigned int)' [-Wbuiltin-declaration-mismatch]
   62 | char strnlen (void);
      |      ^~~~~~~
/nix/store/v63bxfiacw082c7ijshf60alvvrpfxsq-binutils-2.44/bin/ld: skipping incompatible /nix/store/fzi682d0ry5j0jdj6qi98gjl05hdpiqx-ti-cgt-arm-clang-4.0.2.LTS/lib/libc.a when searching for -lc
configure:15296: $? = 0
configure:15296: result: yes
configure:15303: checking for gettimeofday
configure:15303: gcc -o conftest -g -O2   conftest.c  >&5
/nix/store/v63bxfiacw082c7ijshf60alvvrpfxsq-binutils-2.44/bin/ld: skipping incompatible /nix/store/fzi682d0ry5j0jdj6qi98gjl05hdpiqx-ti-cgt-arm-clang-4.0.2.LTS/lib/libc.a when searching for -lc
configure:15303: $? = 0
configure:15303: result: yes
configure:15310: checking for usleep
configure:15310: gcc -o conftest -g -O2   conftest.c  >&5
/nix/store/v63bxfiacw082c7ijshf60alvvrpfxsq-binutils-2.44/bin/ld: skipping incompatible /nix/store/fzi682d0ry5j0jdj6qi98gjl05hdpiqx-ti-cgt-arm-clang-4.0.2.LTS/lib/libc.a when searching for -lc
configure:15310: $? = 0
configure:15310: result: yes
configure:15317: checking for realpath
configure:15317: gcc -o conftest -g -O2   conftest.c  >&5
/nix/store/v63bxfiacw082c7ijshf60alvvrpfxsq-binutils-2.44/bin/ld: skipping incompatible /nix/store/fzi682d0ry5j0jdj6qi98gjl05hdpiqx-ti-cgt-arm-clang-4.0.2.LTS/lib/libc.a when searching for -lc
configure:15317: $? = 0
configure:15317: result: yes
configure:15326: checking whether to build a release
configure:15339: result: no
configure:15382: checking whether to build Doxygen as HTML
configure:15384: result: yes
configure:15397: checking whether to build Doxygen as PDF
configure:15399: result: no
configure:15460: checking whether to enable verbose USB I/O messages
configure:15462: result: no
configure:15473: checking whether to enable verbose USB communication messages
configure:15475: result: no
configure:15494: checking whether to enable malloc free space logging
configure:15496: result: no
configure:16584: checking for libusb-1.0
configure:16591: $PKG_CONFIG --exists --print-errors "libusb-1.0"
configure:16594: $? = 0
configure:16608: $PKG_CONFIG --exists --print-errors "libusb-1.0"
configure:16611: $? = 0
configure:16657: result: yes
configure:16665: libusb-1.0 header bug workaround: LIBUSB1_CFLAGS changed to "-isystem /nix/store/vzd83gmzzmy19vqarxr0lys91lnybd7g-libusb-1.0.28-dev/include/libusb-1.0"
configure:16668: $PKG_CONFIG --exists --print-errors "libusb-1.0 >= 1.0.16"
configure:16671: $? = 0
configure:16700: checking for capstone
configure:16707: $PKG_CONFIG --exists --print-errors "capstone"
Package capstone was not found in the pkg-config search path.
Perhaps you should add the directory containing `capstone.pc'
to the PKG_CONFIG_PATH environment variable
No package 'capstone' found
configure:16710: $? = 1
configure:16724: $PKG_CONFIG --exists --print-errors "capstone"
Package capstone was not found in the pkg-config search path.
Perhaps you should add the directory containing `capstone.pc'
to the PKG_CONFIG_PATH environment variable
No package 'capstone' found
configure:16727: $? = 1
configure:16741: result: no
No package 'capstone' found
configure:16798: checking for hidapi
configure:16805: $PKG_CONFIG --exists --print-errors "$hidapi_lib"
Package hidapi was not found in the pkg-config search path.
Perhaps you should add the directory containing `hidapi.pc'
to the PKG_CONFIG_PATH environment variable
No package 'hidapi' found
configure:16808: $? = 1
configure:16822: $PKG_CONFIG --exists --print-errors "$hidapi_lib"
Package hidapi was not found in the pkg-config search path.
Perhaps you should add the directory containing `hidapi.pc'
to the PKG_CONFIG_PATH environment variable
No package 'hidapi' found
configure:16825: $? = 1
configure:16839: result: no
No package 'hidapi' found
configure:16798: checking for hidapi-hidraw
configure:16805: $PKG_CONFIG --exists --print-errors "$hidapi_lib"
Package hidapi-hidraw was not found in the pkg-config search path.
Perhaps you should add the directory containing `hidapi-hidraw.pc'
to the PKG_CONFIG_PATH environment variable
No package 'hidapi-hidraw' found
configure:16808: $? = 1
configure:16822: $PKG_CONFIG --exists --print-errors "$hidapi_lib"
Package hidapi-hidraw was not found in the pkg-config search path.
Perhaps you should add the directory containing `hidapi-hidraw.pc'
to the PKG_CONFIG_PATH environment variable
No package 'hidapi-hidraw' found
configure:16825: $? = 1
configure:16839: result: no
No package 'hidapi-hidraw' found
configure:16798: checking for hidapi-libusb
configure:16805: $PKG_CONFIG --exists --print-errors "$hidapi_lib"
Package hidapi-libusb was not found in the pkg-config search path.
Perhaps you should add the directory containing `hidapi-libusb.pc'
to the PKG_CONFIG_PATH environment variable
No package 'hidapi-libusb' found
configure:16808: $? = 1
configure:16822: $PKG_CONFIG --exists --print-errors "$hidapi_lib"
Package hidapi-libusb was not found in the pkg-config search path.
Perhaps you should add the directory containing `hidapi-libusb.pc'
to the PKG_CONFIG_PATH environment variable
No package 'hidapi-libusb' found
configure:16825: $? = 1
configure:16839: result: no
No package 'hidapi-libusb' found
configure:16878: checking for libftdi1
configure:16885: $PKG_CONFIG --exists --print-errors "libftdi1"
Package libftdi1 was not found in the pkg-config search path.
Perhaps you should add the directory containing `libftdi1.pc'
to the PKG_CONFIG_PATH environment variable
No package 'libftdi1' found
configure:16888: $? = 1
configure:16902: $PKG_CONFIG --exists --print-errors "libftdi1"
Package libftdi1 was not found in the pkg-config search path.
Perhaps you should add the directory containing `libftdi1.pc'
to the PKG_CONFIG_PATH environment variable
No package 'libftdi1' found
configure:16905: $? = 1
configure:16919: result: no
No package 'libftdi1' found
configure:16938: checking for libftdi
configure:16945: $PKG_CONFIG --exists --print-errors "libftdi"
Package libftdi was not found in the pkg-config search path.
Perhaps you should add the directory containing `libftdi.pc'
to the PKG_CONFIG_PATH environment variable
No package 'libftdi' found
configure:16948: $? = 1
configure:16962: $PKG_CONFIG --exists --print-errors "libftdi"
Package libftdi was not found in the pkg-config search path.
Perhaps you should add the directory containing `libftdi.pc'
to the PKG_CONFIG_PATH environment variable
No package 'libftdi' found
configure:16965: $? = 1
configure:16979: result: no
No package 'libftdi' found
configure:17106: checking for libgpiod < 2.0
configure:17113: $PKG_CONFIG --exists --print-errors "libgpiod < 2.0"
Package libgpiod was not found in the pkg-config search path.
Perhaps you should add the directory containing `libgpiod.pc'
to the PKG_CONFIG_PATH environment variable
No package 'libgpiod' found
configure:17116: $? = 1
configure:17130: $PKG_CONFIG --exists --print-errors "libgpiod < 2.0"
Package libgpiod was not found in the pkg-config search path.
Perhaps you should add the directory containing `libgpiod.pc'
to the PKG_CONFIG_PATH environment variable
No package 'libgpiod' found
configure:17133: $? = 1
configure:17147: result: no
No package 'libgpiod' found
configure:17190: checking for libjaylink >= 0.2
configure:17197: $PKG_CONFIG --exists --print-errors "libjaylink >= 0.2"
Package libjaylink was not found in the pkg-config search path.
Perhaps you should add the directory containing `libjaylink.pc'
to the PKG_CONFIG_PATH environment variable
No package 'libjaylink' found
configure:17200: $? = 1
configure:17214: $PKG_CONFIG --exists --print-errors "libjaylink >= 0.2"
Package libjaylink was not found in the pkg-config search path.
Perhaps you should add the directory containing `libjaylink.pc'
to the PKG_CONFIG_PATH environment variable
No package 'libjaylink' found
configure:17217: $? = 1
configure:17231: result: no
No package 'libjaylink' found
configure:18706: checking for environ in unistd.h and stdlib.h
configure:18724: gcc -c -g -O2  conftest.c >&5
configure:18724: $? = 0
configure:18727: result: yes
configure:18925: checking that generated files are newer than configure
configure:18931: result: done
configure:19211: creating ./config.status

## ---------------------- ##
## Running config.status. ##
## ---------------------- ##

This file was extended by openocd config.status 0.12.0+dev, which was
generated by GNU Autoconf 2.72.  Invocation command line was

  CONFIG_FILES    = 
  CONFIG_HEADERS  = 
  CONFIG_LINKS    = 
  CONFIG_COMMANDS = 
  $ ./config.status 

on firmware-udon

config.status:1309: creating Makefile
config.status:1309: creating config.h
config.status:1538: executing depfiles commands
config.status:1615: cd .       && sed -e '/# am--include-marker/d' Makefile         | make -f - am--depfiles
config.status:1620: $? = 0
config.status:1538: executing libtool commands
configure:21429: === configuring in jimtcl (/home/jparker/tmp123/ti-openocd/jimtcl)
configure:21490: running /nix/store/xy4jjgw87sbgwylm5kn047d9gkbhsr9x-bash-5.2p37/bin/bash ./configure.gnu --disable-option-checking '--prefix=/usr/local'  '--enable-xds110' 'CC=gcc' --cache-file=/dev/null --srcdir=.

## ---------------- ##
## Cache variables. ##
## ---------------- ##

ac_cv_build=x86_64-pc-linux-gnu
ac_cv_c_bigendian=no
ac_cv_c_compiler_gnu=yes
ac_cv_c_const=yes
ac_cv_env_CAPSTONE_CFLAGS_set=
ac_cv_env_CAPSTONE_CFLAGS_value=
ac_cv_env_CAPSTONE_LIBS_set=
ac_cv_env_CAPSTONE_LIBS_value=
ac_cv_env_CC_set=set
ac_cv_env_CC_value=gcc
ac_cv_env_CFLAGS_set=
ac_cv_env_CFLAGS_value=
ac_cv_env_CPPFLAGS_set=
ac_cv_env_CPPFLAGS_value=
ac_cv_env_CPP_set=
ac_cv_env_CPP_value=
ac_cv_env_HIDAPI_CFLAGS_set=
ac_cv_env_HIDAPI_CFLAGS_value=
ac_cv_env_HIDAPI_LIBS_set=
ac_cv_env_HIDAPI_LIBS_value=
ac_cv_env_LDFLAGS_set=
ac_cv_env_LDFLAGS_value=
ac_cv_env_LIBFTDI_CFLAGS_set=
ac_cv_env_LIBFTDI_CFLAGS_value=
ac_cv_env_LIBFTDI_LIBS_set=
ac_cv_env_LIBFTDI_LIBS_value=
ac_cv_env_LIBGPIOD_CFLAGS_set=
ac_cv_env_LIBGPIOD_CFLAGS_value=
ac_cv_env_LIBGPIOD_LIBS_set=
ac_cv_env_LIBGPIOD_LIBS_value=
ac_cv_env_LIBJAYLINK_CFLAGS_set=
ac_cv_env_LIBJAYLINK_CFLAGS_value=
ac_cv_env_LIBJAYLINK_LIBS_set=
ac_cv_env_LIBJAYLINK_LIBS_value=
ac_cv_env_LIBS_set=
ac_cv_env_LIBS_value=
ac_cv_env_LIBUSB1_CFLAGS_set=
ac_cv_env_LIBUSB1_CFLAGS_value=
ac_cv_env_LIBUSB1_LIBS_set=
ac_cv_env_LIBUSB1_LIBS_value=
ac_cv_env_LT_SYS_LIBRARY_PATH_set=
ac_cv_env_LT_SYS_LIBRARY_PATH_value=
ac_cv_env_PKG_CONFIG_LIBDIR_set=
ac_cv_env_PKG_CONFIG_LIBDIR_value=
ac_cv_env_PKG_CONFIG_PATH_set=
ac_cv_env_PKG_CONFIG_PATH_value=
ac_cv_env_PKG_CONFIG_set=
ac_cv_env_PKG_CONFIG_value=
ac_cv_env_build_alias_set=
ac_cv_env_build_alias_value=
ac_cv_env_host_alias_set=
ac_cv_env_host_alias_value=
ac_cv_env_target_alias_set=
ac_cv_env_target_alias_value=
ac_cv_func_gettimeofday=yes
ac_cv_func_realpath=yes
ac_cv_func_strndup=yes
ac_cv_func_strnlen=yes
ac_cv_func_usleep=yes
ac_cv_header_arpa_inet_h=yes
ac_cv_header_dlfcn_h=yes
ac_cv_header_elf_h=yes
ac_cv_header_fcntl_h=yes
ac_cv_header_inttypes_h=yes
ac_cv_header_malloc_h=yes
ac_cv_header_netdb_h=yes
ac_cv_header_netinet_in_h=yes
ac_cv_header_netinet_tcp_h=yes
ac_cv_header_poll_h=yes
ac_cv_header_stdbool_h=yes
ac_cv_header_stdint_h=yes
ac_cv_header_stdio_h=yes
ac_cv_header_stdlib_h=yes
ac_cv_header_string_h=yes
ac_cv_header_strings_h=yes
ac_cv_header_sys_ioctl_h=yes
ac_cv_header_sys_param_h=yes
ac_cv_header_sys_select_h=yes
ac_cv_header_sys_socket_h=yes
ac_cv_header_sys_stat_h=yes
ac_cv_header_sys_sysctl_h=no
ac_cv_header_sys_time_h=yes
ac_cv_header_sys_types_h=yes
ac_cv_header_unistd_h=yes
ac_cv_host=x86_64-pc-linux-gnu
ac_cv_objext=o
ac_cv_path_EGREP='/nix/store/gqmr3gixlddz3667ba1iyqck3c0dkpvd-gnugrep-3.11/bin/grep -E'
ac_cv_path_EGREP_TRADITIONAL='/nix/store/gqmr3gixlddz3667ba1iyqck3c0dkpvd-gnugrep-3.11/bin/grep -E'
ac_cv_path_FGREP='/nix/store/gqmr3gixlddz3667ba1iyqck3c0dkpvd-gnugrep-3.11/bin/grep -F'
ac_cv_path_GREP=/nix/store/gqmr3gixlddz3667ba1iyqck3c0dkpvd-gnugrep-3.11/bin/grep
ac_cv_path_SED=/nix/store/clbb2cvigynr235ab5zgi18dyavznlk2-gnused-4.9/bin/sed
ac_cv_path_ac_pt_PKG_CONFIG=/nix/store/2crk9xnq5x9v7yf0r2nwkgj8qsmxr4ly-pkg-config-wrapper-0.29.2/bin/pkg-config
ac_cv_path_install='/nix/store/87fck6hm17chxjq7badb11mq036zbyv9-coreutils-9.7/bin/install -c'
ac_cv_path_lt_DD=/nix/store/87fck6hm17chxjq7badb11mq036zbyv9-coreutils-9.7/bin/dd
ac_cv_path_mkdir=/nix/store/87fck6hm17chxjq7badb11mq036zbyv9-coreutils-9.7/bin/mkdir
ac_cv_prog_AWK=gawk
ac_cv_prog_CPP='gcc -E'
ac_cv_prog_FILECMD=file
ac_cv_prog_MAKEINFO=makeinfo
ac_cv_prog_ac_ct_CC=gcc
ac_cv_prog_ac_ct_OBJDUMP=objdump
ac_cv_prog_ac_ct_RANLIB=ranlib
ac_cv_prog_ac_ct_STRIP=strip
ac_cv_prog_cc_c11=
ac_cv_prog_cc_g=yes
ac_cv_prog_cc_stdc=
ac_cv_prog_make_make_set=yes
ac_cv_search_dlopen='none required'
ac_cv_search_ioperm='none required'
ac_cv_search_openpty='none required'
ac_cv_type__Bool=yes
ac_cv_type_long_long_int=yes
ac_cv_type_unsigned_long_long_int=yes
am_cv_CC_dependencies_compiler_type=gcc3
am_cv_make_support_nested_variables=yes
am_cv_prog_cc_c_o=yes
lt_cv_ar_at_file=@
lt_cv_deplibs_check_method=pass_all
lt_cv_file_magic_cmd='$MAGIC_CMD'
lt_cv_file_magic_test_file=
lt_cv_ld_reload_flag=-r
lt_cv_nm_interface='BSD nm'
lt_cv_objdir=.libs
lt_cv_path_LD=ld
lt_cv_path_NM=nm
lt_cv_path_manifest_tool=no
lt_cv_prog_compiler_c_o=yes
lt_cv_prog_compiler_pic='-fPIC -DPIC'
lt_cv_prog_compiler_pic_works=yes
lt_cv_prog_compiler_rtti_exceptions=no
lt_cv_prog_compiler_static_works=no
lt_cv_prog_gnu_ld=yes
lt_cv_sharedlib_from_linklib_cmd='printf %s\n'
lt_cv_shlibpath_overrides_runpath=yes
lt_cv_sys_global_symbol_pipe='/nix/store/clbb2cvigynr235ab5zgi18dyavznlk2-gnused-4.9/bin/sed -n -e '\''s/^.*[	 ]\([ABCDGIRSTW][ABCDGIRSTW]*\)[	 ][	 ]*\([_A-Za-z][_A-Za-z0-9]*\)$/\1 \2 \2/p'\'' | /nix/store/clbb2cvigynr235ab5zgi18dyavznlk2-gnused-4.9/bin/sed '\''/ __gnu_lto/d'\'''
lt_cv_sys_global_symbol_to_c_name_address='/nix/store/clbb2cvigynr235ab5zgi18dyavznlk2-gnused-4.9/bin/sed -n -e '\''s/^: \(.*\) .*$/  {"\1", (void *) 0},/p'\'' -e '\''s/^[ABCDGIRSTW][ABCDGIRSTW]* .* \(.*\)$/  {"\1", (void *) \&\1},/p'\'''
lt_cv_sys_global_symbol_to_c_name_address_lib_prefix='/nix/store/clbb2cvigynr235ab5zgi18dyavznlk2-gnused-4.9/bin/sed -n -e '\''s/^: \(.*\) .*$/  {"\1", (void *) 0},/p'\'' -e '\''s/^[ABCDGIRSTW][ABCDGIRSTW]* .* \(lib.*\)$/  {"\1", (void *) \&\1},/p'\'' -e '\''s/^[ABCDGIRSTW][ABCDGIRSTW]* .* \(.*\)$/  {"lib\1", (void *) \&\1},/p'\'''
lt_cv_sys_global_symbol_to_cdecl='/nix/store/clbb2cvigynr235ab5zgi18dyavznlk2-gnused-4.9/bin/sed -n -e '\''s/^T .* \(.*\)$/extern int \1();/p'\'' -e '\''s/^[ABCDGIRSTW][ABCDGIRSTW]* .* \(.*\)$/extern char \1;/p'\'''
lt_cv_sys_global_symbol_to_import=
lt_cv_sys_max_cmd_len=1572864
lt_cv_to_host_file_cmd=func_convert_file_noop
lt_cv_to_tool_file_cmd=func_convert_file_noop
lt_cv_truncate_bin='/nix/store/87fck6hm17chxjq7badb11mq036zbyv9-coreutils-9.7/bin/dd bs=4096 count=1'
pkg_cv_LIBUSB1_CFLAGS=-I/nix/store/vzd83gmzzmy19vqarxr0lys91lnybd7g-libusb-1.0.28-dev/include/libusb-1.0
pkg_cv_LIBUSB1_LIBS='-L/nix/store/35xmqp60ffcgalv3vqrfdfd5g0n7bwi0-libusb-1.0.28/lib -lusb-1.0'

## ----------------- ##
## Output variables. ##
## ----------------- ##

ACLOCAL='${SHELL} '\''/home/jparker/tmp123/ti-openocd/build-aux/missing'\'' aclocal-1.16'
AM335XGPIO_FALSE=''
AM335XGPIO_TRUE='#'
AMDEPBACKSLASH='\'
AMDEP_FALSE='#'
AMDEP_TRUE=''
AMTAR='$${TAR-tar}'
AMTJTAGACCEL_FALSE=''
AMTJTAGACCEL_TRUE='#'
AM_BACKSLASH='\'
AM_DEFAULT_V='$(AM_DEFAULT_VERBOSITY)'
AM_DEFAULT_VERBOSITY='1'
AM_V='$(V)'
ANGIE_FALSE='#'
ANGIE_TRUE=''
AR='ar'
ARMJTAGEW_FALSE='#'
ARMJTAGEW_TRUE=''
AT91RM9200_FALSE=''
AT91RM9200_TRUE='#'
AUTOCONF='${SHELL} '\''/home/jparker/tmp123/ti-openocd/build-aux/missing'\'' autoconf'
AUTOHEADER='${SHELL} '\''/home/jparker/tmp123/ti-openocd/build-aux/missing'\'' autoheader'
AUTOMAKE='${SHELL} '\''/home/jparker/tmp123/ti-openocd/build-aux/missing'\'' automake-1.16'
AWK='gawk'
BCM2835GPIO_FALSE=''
BCM2835GPIO_TRUE='#'
BITBANG_FALSE=''
BITBANG_TRUE='#'
BITQ_FALSE='#'
BITQ_TRUE=''
BUSPIRATE_FALSE='#'
BUSPIRATE_TRUE=''
CAPSTONE_CFLAGS=''
CAPSTONE_LIBS=''
CC='gcc'
CCDEPMODE='depmode=gcc3'
CFLAGS='-g -O2'
CMSIS_DAP_HID_FALSE=''
CMSIS_DAP_HID_TRUE='#'
CMSIS_DAP_USB_FALSE='#'
CMSIS_DAP_USB_TRUE=''
CPP='gcc -E'
CPPFLAGS=''
CSCOPE='cscope'
CTAGS='ctags'
CYGPATH_W='echo'
DEFS='-DHAVE_CONFIG_H'
DEPDIR='.deps'
DLLTOOL='false'
DMEM_FALSE=''
DMEM_TRUE='#'
DSYMUTIL=''
DUMMY_FALSE=''
DUMMY_TRUE='#'
DUMPBIN=''
ECHO_C=''
ECHO_N='-n'
ECHO_T=''
EGREP='/nix/store/gqmr3gixlddz3667ba1iyqck3c0dkpvd-gnugrep-3.11/bin/grep -E'
EP93XX_FALSE=''
EP93XX_TRUE='#'
ESP_USB_JTAG_FALSE='#'
ESP_USB_JTAG_TRUE=''
ETAGS='etags'
EXEEXT=''
EXTRA_DIST_NEWS='./NEWS-0.10.0 ./NEWS-0.11.0 ./NEWS-0.12.0 ./NEWS-0.2.0 ./NEWS-0.3.0 ./NEWS-0.4.0 ./NEWS-0.5.0 ./NEWS-0.6.0 ./NEWS-0.7.0 ./NEWS-0.8.0 ./NEWS-0.9.0'
FGREP='/nix/store/gqmr3gixlddz3667ba1iyqck3c0dkpvd-gnugrep-3.11/bin/grep -F'
FILECMD='file'
FT232R_FALSE='#'
FT232R_TRUE=''
FTDI_FALSE='#'
FTDI_TRUE=''
GCC_WARNINGS='-Wall -Wstrict-prototypes -Wformat-security -Wshadow -Wextra -Wno-unused-parameter -Wbad-function-cast -Wcast-align -Wredundant-decls -Wpointer-arith -Wundef -Werror'
GIVEIO_FALSE=''
GIVEIO_TRUE='#'
GREP='/nix/store/gqmr3gixlddz3667ba1iyqck3c0dkpvd-gnugrep-3.11/bin/grep'
GW16012_FALSE=''
GW16012_TRUE='#'
HAVE_CAPSTONE_FALSE=''
HAVE_CAPSTONE_TRUE='#'
HIDAPI_CFLAGS=''
HIDAPI_LIBS=''
HLADAPTER_FALSE='#'
HLADAPTER_ICDI_FALSE='#'
HLADAPTER_ICDI_TRUE=''
HLADAPTER_NULINK_FALSE=''
HLADAPTER_NULINK_TRUE='#'
HLADAPTER_STLINK_FALSE='#'
HLADAPTER_STLINK_TRUE=''
HLADAPTER_TRUE=''
HOST_CPPFLAGS=''
IMX_GPIO_FALSE=''
IMX_GPIO_TRUE='#'
INSTALL_DATA='${INSTALL} -m 644'
INSTALL_PROGRAM='${INSTALL}'
INSTALL_SCRIPT='${INSTALL}'
INSTALL_STRIP_PROGRAM='$(install_sh) -c -s'
INTERNAL_JIMTCL_FALSE='#'
INTERNAL_JIMTCL_TRUE=''
INTERNAL_LIBJAYLINK_FALSE=''
INTERNAL_LIBJAYLINK_TRUE='#'
IS_CYGWIN_FALSE=''
IS_CYGWIN_TRUE='#'
IS_DARWIN_FALSE=''
IS_DARWIN_TRUE='#'
IS_MINGW_FALSE=''
IS_MINGW_TRUE='#'
IS_WIN32_FALSE=''
IS_WIN32_TRUE='#'
JLINK_FALSE=''
JLINK_TRUE='#'
JTAG_DPI_FALSE=''
JTAG_DPI_TRUE='#'
JTAG_VPI_FALSE=''
JTAG_VPI_TRUE='#'
KITPROG_FALSE=''
KITPROG_TRUE='#'
LD='ld -m elf_x86_64'
LDFLAGS=''
LIBFTDI_CFLAGS=''
LIBFTDI_LIBS=''
LIBGPIOD_CFLAGS=''
LIBGPIOD_LIBS=''
LIBJAYLINK_CFLAGS=''
LIBJAYLINK_LIBS=''
LIBOBJS=''
LIBS=''
LIBTOOL='$(SHELL) $(top_builddir)/libtool'
LIBTOOL_DEPS='./build-aux//ltmain.sh'
LIBUSB1_CFLAGS='-isystem /nix/store/vzd83gmzzmy19vqarxr0lys91lnybd7g-libusb-1.0.28-dev/include/libusb-1.0'
LIBUSB1_LIBS='-L/nix/store/35xmqp60ffcgalv3vqrfdfd5g0n7bwi0-libusb-1.0.28/lib -lusb-1.0'
LINUXGPIOD_FALSE=''
LINUXGPIOD_TRUE='#'
LIPO=''
LN_S='ln -s'
LTLIBOBJS=''
LT_SYS_LIBRARY_PATH=''
MAKEINFO='makeinfo'
MANIFEST_TOOL=':'
MKDIR_P='/nix/store/87fck6hm17chxjq7badb11mq036zbyv9-coreutils-9.7/bin/mkdir -p'
NM='nm'
NMEDIT=''
OBJDUMP='objdump'
OBJEXT='o'
OPENDOUS_FALSE='#'
OPENDOUS_TRUE=''
OPENJTAG_FALSE=''
OPENJTAG_TRUE='#'
OSBDM_FALSE='#'
OSBDM_TRUE=''
OTOOL64=''
OTOOL=''
PACKAGE='openocd'
PACKAGE_BUGREPORT='OpenOCD Mailing List <openocd-devel@lists.sourceforge.net>'
PACKAGE_NAME='openocd'
PACKAGE_STRING='openocd 0.12.0+dev'
PACKAGE_TARNAME='openocd'
PACKAGE_URL=''
PACKAGE_VERSION='0.12.0+dev'
PARPORT_FALSE=''
PARPORT_TRUE='#'
PATH_SEPARATOR=':'
PKG_CONFIG='/nix/store/2crk9xnq5x9v7yf0r2nwkgj8qsmxr4ly-pkg-config-wrapper-0.29.2/bin/pkg-config'
PKG_CONFIG_LIBDIR=''
PKG_CONFIG_PATH=''
PRESTO_FALSE=''
PRESTO_TRUE='#'
RANLIB='ranlib'
RELEASE_FALSE=''
RELEASE_TRUE='#'
REMOTE_BITBANG_FALSE=''
REMOTE_BITBANG_TRUE='#'
RLINK_FALSE='#'
RLINK_TRUE=''
RSHIM_FALSE=''
RSHIM_TRUE='#'
SED='/nix/store/clbb2cvigynr235ab5zgi18dyavznlk2-gnused-4.9/bin/sed'
SET_MAKE=''
SHELL='/nix/store/xy4jjgw87sbgwylm5kn047d9gkbhsr9x-bash-5.2p37/bin/bash'
STRIP='strip'
SYSFSGPIO_FALSE=''
SYSFSGPIO_TRUE='#'
ULINK_FALSE='#'
ULINK_TRUE=''
USBPROG_FALSE='#'
USBPROG_TRUE=''
USB_BLASTER_2_FALSE='#'
USB_BLASTER_2_TRUE=''
USB_BLASTER_DRIVER_FALSE='#'
USB_BLASTER_DRIVER_TRUE=''
USB_BLASTER_FALSE=''
USB_BLASTER_TRUE='#'
USE_HIDAPI_FALSE=''
USE_HIDAPI_TRUE='#'
USE_LIBFTDI_FALSE=''
USE_LIBFTDI_TRUE='#'
USE_LIBGPIOD_FALSE=''
USE_LIBGPIOD_TRUE='#'
USE_LIBJAYLINK_FALSE=''
USE_LIBJAYLINK_TRUE='#'
USE_LIBUSB1_FALSE='#'
USE_LIBUSB1_TRUE=''
VDEBUG_FALSE=''
VDEBUG_TRUE='#'
VERSION='0.12.0+dev'
VSLLINK_FALSE='#'
VSLLINK_TRUE=''
XDS110_FALSE='#'
XDS110_TRUE=''
XLNX_PCIE_XVC_FALSE=''
XLNX_PCIE_XVC_TRUE='#'
ac_ct_AR=''
ac_ct_CC='gcc'
ac_ct_DUMPBIN=''
am__EXEEXT_FALSE=''
am__EXEEXT_TRUE='#'
am__fastdepCC_FALSE='#'
am__fastdepCC_TRUE=''
am__include='include'
am__isrc=''
am__leading_dot='.'
am__nodep='_no'
am__quote=''
am__tar='$${TAR-tar} chof - "$$tardir"'
am__untar='$${TAR-tar} xf -'
bindir='${exec_prefix}/bin'
build='x86_64-pc-linux-gnu'
build_alias=''
build_cpu='x86_64'
build_os='linux-gnu'
build_vendor='pc'
datadir='${datarootdir}'
datarootdir='${prefix}/share'
docdir='${datarootdir}/doc/${PACKAGE_TARNAME}'
doxygen_as_html='yes'
doxygen_as_pdf='no'
dvidir='${docdir}'
exec_prefix='${prefix}'
host='x86_64-pc-linux-gnu'
host_alias=''
host_cpu='x86_64'
host_os='linux-gnu'
host_vendor='pc'
htmldir='${docdir}'
includedir='${prefix}/include'
infodir='${datarootdir}/info'
install_sh='${SHELL} /home/jparker/tmp123/ti-openocd/build-aux/install-sh'
libdir='${exec_prefix}/lib'
libexecdir='${exec_prefix}/libexec'
localedir='${datarootdir}/locale'
localstatedir='${prefix}/var'
mandir='${datarootdir}/man'
mkdir_p='$(MKDIR_P)'
oldincludedir='/usr/include'
pdfdir='${docdir}'
prefix='/usr/local'
program_transform_name='s,x,x,'
psdir='${docdir}'
runstatedir='${localstatedir}/run'
sbindir='${exec_prefix}/sbin'
sharedstatedir='${prefix}/com'
subdirs=' jimtcl'
sysconfdir='${prefix}/etc'
target_alias=''

## ----------- ##
## confdefs.h. ##
## ----------- ##

/* confdefs.h */
#define PACKAGE_NAME "openocd"
#define PACKAGE_TARNAME "openocd"
#define PACKAGE_VERSION "0.12.0+dev"
#define PACKAGE_STRING "openocd 0.12.0+dev"
#define PACKAGE_BUGREPORT "OpenOCD Mailing List <openocd-devel@lists.sourceforge.net>"
#define PACKAGE_URL ""
#define PACKAGE "openocd"
#define VERSION "0.12.0+dev"
#define HAVE_STDIO_H 1
#define HAVE_STDLIB_H 1
#define HAVE_STRING_H 1
#define HAVE_INTTYPES_H 1
#define HAVE_STDINT_H 1
#define HAVE_STRINGS_H 1
#define HAVE_SYS_STAT_H 1
#define HAVE_SYS_TYPES_H 1
#define HAVE_UNISTD_H 1
#define STDC_HEADERS 1
#define HAVE_DLFCN_H 1
#define LT_OBJDIR ".libs/"
#define HAVE_UNSIGNED_LONG_LONG_INT 1
#define HAVE_LONG_LONG_INT 1
#define HAVE_SYS_SOCKET_H 1
#define HAVE_ELF_H 1
#define HAVE_ELF64 1
#define HAVE_FCNTL_H 1
#define HAVE_MALLOC_H 1
#define HAVE_NETDB_H 1
#define HAVE_POLL_H 1
#define HAVE_STRINGS_H 1
#define HAVE_SYS_IOCTL_H 1
#define HAVE_SYS_PARAM_H 1
#define HAVE_SYS_SELECT_H 1
#define HAVE_SYS_STAT_H 1
#define HAVE_SYS_TIME_H 1
#define HAVE_SYS_TYPES_H 1
#define HAVE_UNISTD_H 1
#define HAVE_ARPA_INET_H 1
#define HAVE_NETINET_IN_H 1
#define HAVE_NETINET_TCP_H 1
#define HAVE__BOOL 1
#define HAVE_STDBOOL_H 1
#define HAVE_STRNDUP 1
#define HAVE_STRNLEN 1
#define HAVE_GETTIMEOFDAY 1
#define HAVE_USLEEP 1
#define HAVE_REALPATH 1
#define IS_CYGWIN 0
#define IS_MINGW 0
#define IS_WIN32 0
#define IS_DARWIN 0
#define BUILD_PARPORT 0
#define BUILD_RSHIM 0
#define BUILD_DMEM 0
#define BUILD_DUMMY 0
#define BUILD_EP93XX 0
#define BUILD_AT91RM9200 0
#define BUILD_BCM2835GPIO 0
#define BUILD_IMX_GPIO 0
#define BUILD_AM335XGPIO 0
#define PARPORT_USE_PPDEV 1
#define PARPORT_USE_GIVEIO 0
#define BUILD_JTAG_VPI 0
#define BUILD_VDEBUG 0
#define BUILD_JTAG_DPI 0
#define BUILD_AMTJTAGACCEL 0
#define BUILD_GW16012 0
#define BUILD_BUSPIRATE 1
#define BUILD_REMOTE_BITBANG 0
#define BUILD_SYSFSGPIO 0
#define BUILD_XLNX_PCIE_XVC 0
#define HAVE_LIBUSB1 1
#define HAVE_LIBUSB_GET_PORT_NUMBERS 1
#define HAVE_CAPSTONE 0
#define BUILD_FTDI 1
#define BUILD_HLADAPTER_STLINK 1
#define BUILD_HLADAPTER_ICDI 1
#define BUILD_ULINK 1
#define BUILD_ANGIE 1
#define BUILD_USB_BLASTER_2 1
#define BUILD_FT232R 1
#define BUILD_VSLLINK 1
#define BUILD_XDS110 1
#define BUILD_CMSIS_DAP_USB 1
#define BUILD_OSBDM 1
#define BUILD_OPENDOUS 1
#define BUILD_ARMJTAGEW 1
#define BUILD_RLINK 1
#define BUILD_USBPROG 1
#define BUILD_ESP_USB_JTAG 1
#define BUILD_CMSIS_DAP_HID 0
#define BUILD_HLADAPTER_NULINK 0
#define BUILD_KITPROG 0
#define BUILD_USB_BLASTER 0
#define BUILD_PRESTO 0
#define BUILD_OPENJTAG 0
#define BUILD_LINUXGPIOD 0
#define BUILD_JLINK 0
#define BUILD_HLADAPTER 1
#define _GNU_SOURCE 1

configure: exit 0
